g:\comp371pro\comp371project\comp371project\debug\vc120.pdb
g:\comp371pro\comp371project\comp371project\debug\vc120.idb
g:\comp371pro\comp371project\comp371project\debug\camera.obj
g:\comp371pro\comp371project\comp371project\debug\camerarenderer.obj
g:\comp371pro\comp371project\comp371project\debug\gameengine.obj
g:\comp371pro\comp371project\comp371project\debug\map.obj
g:\comp371pro\comp371project\comp371project\debug\mapengine.obj
g:\comp371pro\comp371project\comp371project\debug\model.obj
g:\comp371pro\comp371project\comp371project\debug\modelloader.obj
g:\comp371pro\comp371project\comp371project\debug\modelroot.obj
g:\comp371pro\comp371project\comp371project\debug\player.obj
g:\comp371pro\comp371project\comp371project\debug\renderengine.obj
g:\comp371pro\comp371project\comp371project\debug\source.obj
g:\comp371pro\comp371project\comp371project\debug\world.obj
g:\comp371pro\comp371project\comp371project\debug\worldengine.obj
g:\comp371pro\comp371project\comp371project\debug\worldrenderer.obj
g:\comp371pro\comp371project\comp371project\debug\texture.obj
c:\users\s_haora\downloads\comp371pro\comp371project\comp371project\debug\vc120.pdb
c:\users\s_haora\downloads\comp371pro\comp371project\comp371project\debug\vc120.idb
c:\users\s_haora\downloads\comp371pro\comp371project\comp371project\debug\camera.obj
c:\users\s_haora\downloads\comp371pro\comp371project\comp371project\debug\camerarenderer.obj
c:\users\s_haora\downloads\comp371pro\comp371project\comp371project\debug\gameengine.obj
c:\users\s_haora\downloads\comp371pro\comp371project\comp371project\debug\map.obj
c:\users\s_haora\downloads\comp371pro\comp371project\comp371project\debug\mapengine.obj
c:\users\s_haora\downloads\comp371pro\comp371project\comp371project\debug\model.obj
c:\users\s_haora\downloads\comp371pro\comp371project\comp371project\debug\modelloader.obj
c:\users\s_haora\downloads\comp371pro\comp371project\comp371project\debug\modelroot.obj
c:\users\s_haora\downloads\comp371pro\comp371project\comp371project\debug\player.obj
c:\users\s_haora\downloads\comp371pro\comp371project\comp371project\debug\renderengine.obj
c:\users\s_haora\downloads\comp371pro\comp371project\comp371project\debug\source.obj
c:\users\s_haora\downloads\comp371pro\comp371project\comp371project\debug\texture.obj
c:\users\s_haora\downloads\comp371pro\comp371project\comp371project\debug\world.obj
c:\users\s_haora\downloads\comp371pro\comp371project\comp371project\debug\worldengine.obj
c:\users\s_haora\downloads\comp371pro\comp371project\comp371project\debug\worldrenderer.obj
g:\comp371pro\comp371project\debug\comp371project.ilk
g:\comp371pro\comp371project\debug\comp371project.exe
g:\comp371pro\comp371project\debug\comp371project.pdb
c:\users\s_haora\downloads\comp371pro\comp371project\debug\comp371project.ilk
c:\users\s_haora\downloads\comp371pro\comp371project\debug\comp371project.exe
c:\users\s_haora\downloads\comp371pro\comp371project\debug\comp371project.pdb
g:\comp371pro\comp371project\comp371project\debug\comp371project.res
c:\users\s_haora\downloads\comp371pro\comp371project\comp371project\debug\comp371project.res
c:\users\h\desktop\comp371pro\comp371project\comp371project\debug\camera.obj
c:\users\h\desktop\comp371pro\comp371project\comp371project\debug\camerarenderer.obj
c:\users\h\desktop\comp371pro\comp371project\comp371project\debug\gameengine.obj
c:\users\h\desktop\comp371pro\comp371project\comp371project\debug\map.obj
c:\users\h\desktop\comp371pro\comp371project\comp371project\debug\mapengine.obj
c:\users\h\desktop\comp371pro\comp371project\comp371project\debug\model.obj
c:\users\h\desktop\comp371pro\comp371project\comp371project\debug\modelloader.obj
c:\users\h\desktop\comp371pro\comp371project\comp371project\debug\modelroot.obj
c:\users\h\desktop\comp371pro\comp371project\comp371project\debug\player.obj
c:\users\h\desktop\comp371pro\comp371project\comp371project\debug\renderengine.obj
c:\users\h\desktop\comp371pro\comp371project\comp371project\debug\source.obj
c:\users\h\desktop\comp371pro\comp371project\comp371project\debug\texture.obj
c:\users\h\desktop\comp371pro\comp371project\comp371project\debug\world.obj
c:\users\h\desktop\comp371pro\comp371project\comp371project\debug\worldengine.obj
c:\users\h\desktop\comp371pro\comp371project\comp371project\debug\worldrenderer.obj
c:\users\h\desktop\comp371pro\comp371project\comp371project\debug\comp371project.res
c:\users\h\desktop\comp371pro\comp371project\comp371project\debug\vc120.idb
c:\users\h\desktop\comp371pro\comp371project\comp371project\debug\vc120.pdb
c:\users\h\desktop\comp371pro\comp371project\debug\comp371project.pdb
c:\users\h\desktop\comp371pro\comp371project\debug\comp371project.exe
c:\users\h\desktop\comp371pro\comp371project\debug\comp371project.ilk
c:\users\h\desktop\comp371pro\comp371project\comp371project\debug\comp371project.tlog\cl.command.1.tlog
c:\users\h\desktop\comp371pro\comp371project\comp371project\debug\comp371project.tlog\cl.read.1.tlog
c:\users\h\desktop\comp371pro\comp371project\comp371project\debug\comp371project.tlog\cl.write.1.tlog
c:\users\h\desktop\comp371pro\comp371project\comp371project\debug\comp371project.tlog\link.command.1.tlog
c:\users\h\desktop\comp371pro\comp371project\comp371project\debug\comp371project.tlog\link.read.1.tlog
c:\users\h\desktop\comp371pro\comp371project\comp371project\debug\comp371project.tlog\link.write.1.tlog
c:\users\h\desktop\comp371pro\comp371project\comp371project\debug\comp371project.tlog\rc.command.1.tlog
c:\users\h\desktop\comp371pro\comp371project\comp371project\debug\comp371project.tlog\rc.read.1.tlog
c:\users\h\desktop\comp371pro\comp371project\comp371project\debug\comp371project.tlog\rc.write.1.tlog
